{
  "stats": {
    "suites": 1,
    "tests": 2,
    "passes": 2,
    "pending": 0,
    "failures": 0,
    "start": "2022-03-20T15:53:52.290Z",
    "end": "2022-03-20T15:54:09.101Z",
    "duration": 16811,
    "testsRegistered": 2,
    "passPercent": 100,
    "pendingPercent": 0,
    "other": 0,
    "hasOther": false,
    "skipped": 0,
    "hasSkipped": false
  },
  "results": [
    {
      "uuid": "be8f8c98-1022-4c04-b7e0-c6b9e671b29b",
      "title": "",
      "fullFile": "cypress/tests/register.spec.js",
      "file": "cypress/tests/register.spec.js",
      "beforeHooks": [],
      "afterHooks": [],
      "tests": [],
      "suites": [
        {
          "uuid": "6f1333d8-1099-458e-a630-afaeb9a1619a",
          "title": "Register",
          "fullFile": "",
          "file": "",
          "beforeHooks": [],
          "afterHooks": [],
          "tests": [
            {
              "title": "Access the Sing In page",
              "fullTitle": "Register Access the Sing In page",
              "timedOut": null,
              "duration": 4727,
              "state": "passed",
              "speed": "fast",
              "pass": true,
              "fail": false,
              "pending": false,
              "context": null,
              "code": "cy.visit('http://automationpractice.com/index.php');\ncy.get('.login').click();\ncy.url().should('contain', 'my-account');",
              "err": {},
              "uuid": "1b698e61-b8c4-45fb-924e-dcbc3be523e6",
              "parentUUID": "6f1333d8-1099-458e-a630-afaeb9a1619a",
              "isHook": false,
              "skipped": false
            },
            {
              "title": "When the data is informed, then the register must be done",
              "fullTitle": "Register When the data is informed, then the register must be done",
              "timedOut": null,
              "duration": 9914,
              "state": "passed",
              "speed": "medium",
              "pass": true,
              "fail": false,
              "pending": false,
              "context": null,
              "code": "cy.get('input#email_create').type(chance.email());\ncy.get('button#SubmitCreate').click();\ncy.url().should('contain', 'account-creation');\ncy.get('input#id_gender2').check();\ncy.get('input#customer_firstname').type(chance.first());\ncy.get('input#customer_lastname').type(chance.last());\ncy.get('input#passwd').type(chance.string());\ncy.get('select#days').select(chance.integer({\n  min: 1,\n  max: 31\n}));\ncy.get('select#months').select(chance.month());\ncy.get('select#years').select(chance.year({\n  min: 1900,\n  max: 2022\n})); //input#firstname\n//input#lastname\ncy.get('input#company').type(chance.company());\ncy.get('input#address1').type(chance.address()); //input#address2\ncy.get('input#city').type(chance.city());\ncy.get('select#id_state').select(chance.state({\n  full: true\n}));\ncy.get('input#postcode').type(chance.zip());\ncy.get('input#phone_mobile').type(chance.phone());\ncy.get('button#submitAccount').click();\ncy.url().should('contain', 'my-account');",
              "err": {},
              "uuid": "652e62ba-fa66-4b27-8b0b-7def6e01d0d3",
              "parentUUID": "6f1333d8-1099-458e-a630-afaeb9a1619a",
              "isHook": false,
              "skipped": false
            }
          ],
          "suites": [],
          "passes": [
            "1b698e61-b8c4-45fb-924e-dcbc3be523e6",
            "652e62ba-fa66-4b27-8b0b-7def6e01d0d3"
          ],
          "failures": [],
          "pending": [],
          "skipped": [],
          "duration": 14641,
          "root": false,
          "rootEmpty": false,
          "_timeout": 2000
        }
      ],
      "passes": [],
      "failures": [],
      "pending": [],
      "skipped": [],
      "duration": 0,
      "root": true,
      "rootEmpty": true,
      "_timeout": 2000
    }
  ],
  "meta": {
    "mocha": {
      "version": "7.0.1"
    },
    "mochawesome": {
      "options": {
        "quiet": true,
        "reportFilename": "mochawesome",
        "saveHtml": false,
        "saveJson": true,
        "consoleReporter": "spec",
        "useInlineDiffs": false,
        "code": true
      },
      "version": "7.1.2"
    },
    "marge": {
      "options": {
        "id": "default",
        "reportDir": "mochawesome-report",
        "quiet": true,
        "overwrite": false,
        "html": false,
        "json": true
      },
      "version": "6.1.1"
    }
  }
}