{
  "stats": {
    "suites": 1,
    "tests": 1,
    "passes": 1,
    "pending": 0,
    "failures": 0,
    "start": "2022-03-21T16:41:57.126Z",
    "end": "2022-03-21T16:42:17.283Z",
    "duration": 20157,
    "testsRegistered": 1,
    "passPercent": 100,
    "pendingPercent": 0,
    "other": 0,
    "hasOther": false,
    "skipped": 0,
    "hasSkipped": false
  },
  "results": [
    {
      "uuid": "f2a2b1fc-930c-4327-8aea-3c92e7eb837b",
      "title": "",
      "fullFile": "cypress/tests/register.spec.js",
      "file": "cypress/tests/register.spec.js",
      "beforeHooks": [],
      "afterHooks": [],
      "tests": [],
      "suites": [
        {
          "uuid": "735ca9be-0f78-45d8-bdf4-628bdca875d4",
          "title": "Register",
          "fullFile": "",
          "file": "",
          "beforeHooks": [],
          "afterHooks": [],
          "tests": [
            {
              "title": "When the data is informed, then the register must be done",
              "fullTitle": "Register When the data is informed, then the register must be done",
              "timedOut": null,
              "duration": 17494,
              "state": "passed",
              "speed": "slow",
              "pass": true,
              "fail": false,
              "pending": false,
              "context": null,
              "code": "cy.visit('http://automationpractice.com/index.php');\ncy.get('.login').click();\ncy.url().should('contain', 'my-account');\ncy.get('input#email_create').type(chance.email());\ncy.get('button#SubmitCreate').click();\ncy.url().should('contain', 'account-creation');\ncy.get('input#id_gender2').check();\ncy.get('input#customer_firstname').type(chance.first());\ncy.get('input#customer_lastname').type(chance.last());\ncy.get('input#passwd').type(chance.string());\ncy.get('select#days').select(chance.integer({\n  min: 1,\n  max: 31\n}));\ncy.get('select#months').select(chance.month());\ncy.get('select#years').select(chance.year({\n  min: 1900,\n  max: 2022\n})); //input#firstname\n//input#lastname\ncy.get('input#company').type(chance.company());\ncy.get('input#address1').type(chance.address()); //input#address2\ncy.get('input#city').type(chance.city());\ncy.get('select#id_state').select(chance.state({\n  full: true\n}));\ncy.get('input#postcode').type(chance.zip());\ncy.get('input#phone_mobile').type(chance.phone());\ncy.get('button#submitAccount').click();\ncy.url().should('contain', 'my-account');",
              "err": {},
              "uuid": "8da4d92f-787b-4d7c-a347-a656b678ce42",
              "parentUUID": "735ca9be-0f78-45d8-bdf4-628bdca875d4",
              "isHook": false,
              "skipped": false
            }
          ],
          "suites": [],
          "passes": [
            "8da4d92f-787b-4d7c-a347-a656b678ce42"
          ],
          "failures": [],
          "pending": [],
          "skipped": [],
          "duration": 17494,
          "root": false,
          "rootEmpty": false,
          "_timeout": 2000
        }
      ],
      "passes": [],
      "failures": [],
      "pending": [],
      "skipped": [],
      "duration": 0,
      "root": true,
      "rootEmpty": true,
      "_timeout": 2000
    }
  ],
  "meta": {
    "mocha": {
      "version": "7.0.1"
    },
    "mochawesome": {
      "options": {
        "quiet": true,
        "reportFilename": "mochawesome",
        "saveHtml": false,
        "saveJson": true,
        "consoleReporter": "spec",
        "useInlineDiffs": false,
        "code": true
      },
      "version": "7.1.2"
    },
    "marge": {
      "options": {
        "id": "default",
        "reportDir": "mochawesome-report",
        "quiet": true,
        "overwrite": false,
        "html": false,
        "json": true
      },
      "version": "6.1.1"
    }
  }
}